[0725/125455.414:ERROR:process_reader_win.cc(242)] ReadMemory at 0x7ff69d990000 of 64 bytes failed: Only part of a ReadProcessMemory or WriteProcessMemory request was completed. (0x12B)
[0725/125455.724:WARNING:pe_image_reader.cc(302)] could not read dos header from C:\Program Files (x86)\Google\Chrome\Application\chrome.exe
[0725/125455.724:ERROR:process_reader_win.cc(242)] ReadMemory at 0x7fff88ca0000 of 64 bytes failed: Only part of a ReadProcessMemory or WriteProcessMemory request was completed. (0x12B)
[0725/125455.725:WARNING:pe_image_reader.cc(302)] could not read dos header from C:\WINDOWS\SYSTEM32\ntdll.dll
[0725/125455.725:ERROR:process_reader_win.cc(242)] ReadMemory at 0x7fff86f20000 of 64 bytes failed: Only part of a ReadProcessMemory or WriteProcessMemory request was completed. (0x12B)
[0725/125455.899:WARNING:pe_image_reader.cc(302)] could not read dos header from C:\WINDOWS\System32\KERNEL32.DLL
[0725/125455.927:ERROR:process_reader_win.cc(242)] ReadMemory at 0x7fff85070000 of 64 bytes failed: Only part of a ReadProcessMemory or WriteProcessMemory request was completed. (0x12B)
[0725/125455.927:WARNING:pe_image_reader.cc(302)] could not read dos header from C:\WINDOWS\System32\KERNELBASE.dll
[0725/125455.927:ERROR:process_reader_win.cc(242)] ReadMemory at 0x7fff833f0000 of 64 bytes failed: Only part of a ReadProcessMemory or WriteProcessMemory request was completed. (0x12B)
[0725/125455.927:WARNING:pe_image_reader.cc(302)] could not read dos header from C:\WINDOWS\SYSTEM32\apphelp.dll
[0725/125455.927:ERROR:process_reader_win.cc(242)] ReadMemory at 0x7fff86210000 of 64 bytes failed: Only part of a ReadProcessMemory or WriteProcessMemory request was completed. (0x12B)
[0725/125455.927:WARNING:pe_image_reader.cc(302)] could not read dos header from C:\WINDOWS\System32\ADVAPI32.dll
[0725/125455.927:ERROR:process_reader_win.cc(242)] ReadMemory at 0x7fff874d0000 of 64 bytes failed: Only part of a ReadProcessMemory or WriteProcessMemory request was completed. (0x12B)
[0725/125455.927:WARNING:pe_image_reader.cc(302)] could not read dos header from C:\WINDOWS\System32\msvcrt.dll
[0725/125455.928:ERROR:process_reader_win.cc(242)] ReadMemory at 0x7fff862c0000 of 64 bytes failed: Only part of a ReadProcessMemory or WriteProcessMemory request was completed. (0x12B)
[0725/125455.931:WARNING:pe_image_reader.cc(302)] could not read dos header from C:\WINDOWS\System32\sechost.dll
[0725/125455.931:ERROR:process_reader_win.cc(242)] ReadMemory at 0x7fff87570000 of 64 bytes failed: Only part of a ReadProcessMemory or WriteProcessMemory request was completed. (0x12B)
[0725/125455.931:WARNING:pe_image_reader.cc(302)] could not read dos header from C:\WINDOWS\System32\RPCRT4.dll
[0725/125455.931:ERROR:process_reader_win.cc(242)] ReadMemory at 0x7fff868e0000 of 64 bytes failed: Only part of a ReadProcessMemory or WriteProcessMemory request was completed. (0x12B)
[0725/125455.932:WARNING:pe_image_reader.cc(302)] could not read dos header from C:\WINDOWS\System32\PSAPI.DLL
[0725/125455.932:ERROR:process_reader_win.cc(242)] ReadMemory at 0x7fff87830000 of 64 bytes failed: Only part of a ReadProcessMemory or WriteProcessMemory request was completed. (0x12B)
[0725/125455.932:WARNING:pe_image_reader.cc(302)] could not read dos header from C:\WINDOWS\System32\SHELL32.dll
[0725/125455.932:ERROR:process_reader_win.cc(242)] ReadMemory at 0x7fff853f0000 of 64 bytes failed: Only part of a ReadProcessMemory or WriteProcessMemory request was completed. (0x12B)
[0725/125455.932:WARNING:pe_image_reader.cc(302)] could not read dos header from C:\WINDOWS\System32\cfgmgr32.dll
[0725/125455.932:ERROR:process_reader_win.cc(242)] ReadMemory at 0x7fff852f0000 of 64 bytes failed: Only part of a ReadProcessMemory or WriteProcessMemory request was completed. (0x12B)
[0725/125455.932:WARNING:pe_image_reader.cc(302)] could not read dos header from C:\WINDOWS\System32\ucrtbase.dll
[0725/125455.932:ERROR:process_reader_win.cc(242)] ReadMemory at 0x7fff86e70000 of 64 bytes failed: Only part of a ReadProcessMemory or WriteProcessMemory request was completed. (0x12B)
[0725/125455.932:WARNING:pe_image_reader.cc(302)] could not read dos header from C:\WINDOWS\System32\shcore.dll
[0725/125455.932:ERROR:process_reader_win.cc(242)] ReadMemory at 0x7fff865b0000 of 64 bytes failed: Only part of a ReadProcessMemory or WriteProcessMemory request was completed. (0x12B)
[0725/125455.932:WARNING:pe_image_reader.cc(302)] could not read dos header from C:\WINDOWS\System32\combase.dll
[0725/125455.932:ERROR:process_reader_win.cc(242)] ReadMemory at 0x7fff85460000 of 64 bytes failed: Only part of a ReadProcessMemory or WriteProcessMemory request was completed. (0x12B)
[0725/125455.932:WARNING:pe_image_reader.cc(302)] could not read dos header from C:\WINDOWS\System32\bcryptPrimitives.dll
[0725/125455.932:ERROR:process_reader_win.cc(242)] ReadMemory at 0x7fff854e0000 of 64 bytes failed: Only part of a ReadProcessMemory or WriteProcessMemory request was completed. (0x12B)
[0725/125455.932:WARNING:pe_image_reader.cc(302)] could not read dos header from C:\WINDOWS\System32\windows.storage.dll
[0725/125455.932:ERROR:process_reader_win.cc(242)] ReadMemory at 0x7fff86c10000 of 64 bytes failed: Only part of a ReadProcessMemory or WriteProcessMemory request was completed. (0x12B)
[0725/125455.932:WARNING:pe_image_reader.cc(302)] could not read dos header from C:\WINDOWS\System32\shlwapi.dll
[0725/125455.932:ERROR:process_reader_win.cc(242)] ReadMemory at 0x7fff86cd0000 of 64 bytes failed: Only part of a ReadProcessMemory or WriteProcessMemory request was completed. (0x12B)
[0725/125455.932:WARNING:pe_image_reader.cc(302)] could not read dos header from C:\WINDOWS\System32\GDI32.dll
[0725/125455.932:ERROR:process_reader_win.cc(242)] ReadMemory at 0x7fff85bf0000 of 64 bytes failed: Only part of a ReadProcessMemory or WriteProcessMemory request was completed. (0x12B)
[0725/125455.932:WARNING:pe_image_reader.cc(302)] could not read dos header from C:\WINDOWS\System32\gdi32full.dll
[0725/125455.932:ERROR:process_reader_win.cc(242)] ReadMemory at 0x7fff86090000 of 64 bytes failed: Only part of a ReadProcessMemory or WriteProcessMemory request was completed. (0x12B)
[0725/125455.932:WARNING:pe_image_reader.cc(302)] could not read dos header from C:\WINDOWS\System32\msvcp_win.dll
[0725/125455.932:ERROR:process_reader_win.cc(242)] ReadMemory at 0x7fff876a0000 of 64 bytes failed: Only part of a ReadProcessMemory or WriteProcessMemory request was completed. (0x12B)
[0725/125455.932:WARNING:pe_image_reader.cc(302)] could not read dos header from C:\WINDOWS\System32\USER32.dll
[0725/125455.932:ERROR:process_reader_win.cc(242)] ReadMemory at 0x7fff85440000 of 64 bytes failed: Only part of a ReadProcessMemory or WriteProcessMemory request was completed. (0x12B)
[0725/125455.932:WARNING:pe_image_reader.cc(302)] could not read dos header from C:\WINDOWS\System32\win32u.dll
[0725/125455.932:ERROR:process_reader_win.cc(242)] ReadMemory at 0x7fff84fb0000 of 64 bytes failed: Only part of a ReadProcessMemory or WriteProcessMemory request was completed. (0x12B)
[0725/125455.932:WARNING:pe_image_reader.cc(302)] could not read dos header from C:\WINDOWS\System32\kernel.appcore.dll
[0725/125455.932:ERROR:process_reader_win.cc(242)] ReadMemory at 0x7fff84fd0000 of 64 bytes failed: Only part of a ReadProcessMemory or WriteProcessMemory request was completed. (0x12B)
[0725/125455.932:WARNING:pe_image_reader.cc(302)] could not read dos header from C:\WINDOWS\System32\profapi.dll
[0725/125455.932:ERROR:process_reader_win.cc(242)] ReadMemory at 0x7fff85020000 of 64 bytes failed: Only part of a ReadProcessMemory or WriteProcessMemory request was completed. (0x12B)
[0725/125455.932:WARNING:pe_image_reader.cc(302)] could not read dos header from C:\WINDOWS\System32\powrprof.dll
[0725/125455.932:ERROR:process_reader_win.cc(242)] ReadMemory at 0x7fff84ff0000 of 64 bytes failed: Only part of a ReadProcessMemory or WriteProcessMemory request was completed. (0x12B)
[0725/125455.932:WARNING:pe_image_reader.cc(302)] could not read dos header from C:\WINDOWS\System32\FLTLIB.DLL
[0725/125455.932:ERROR:process_reader_win.cc(242)] ReadMemory at 0x7fff5b550000 of 64 bytes failed: Only part of a ReadProcessMemory or WriteProcessMemory request was completed. (0x12B)
[0725/125455.932:WARNING:pe_image_reader.cc(302)] could not read dos header from C:\Program Files (x86)\Google\Chrome\Application\67.0.3396.99\chrome_elf.dll
[0725/125455.932:ERROR:process_reader_win.cc(242)] ReadMemory at 0x7fff7b2e0000 of 64 bytes failed: Only part of a ReadProcessMemory or WriteProcessMemory request was completed. (0x12B)
[0725/125455.932:WARNING:pe_image_reader.cc(302)] could not read dos header from C:\WINDOWS\SYSTEM32\VERSION.dll
[0725/125455.932:ERROR:process_reader_win.cc(242)] ReadMemory at 0x7fff82dc0000 of 64 bytes failed: Only part of a ReadProcessMemory or WriteProcessMemory request was completed. (0x12B)
[0725/125455.932:WARNING:pe_image_reader.cc(302)] could not read dos header from C:\WINDOWS\SYSTEM32\WINMM.dll
[0725/125455.932:ERROR:process_reader_win.cc(242)] ReadMemory at 0x7fff84ee0000 of 64 bytes failed: Only part of a ReadProcessMemory or WriteProcessMemory request was completed. (0x12B)
[0725/125455.932:WARNING:pe_image_reader.cc(302)] could not read dos header from C:\WINDOWS\SYSTEM32\USERENV.dll
[0725/125455.932:ERROR:process_reader_win.cc(242)] ReadMemory at 0x7fff775c0000 of 64 bytes failed: Only part of a ReadProcessMemory or WriteProcessMemory request was completed. (0x12B)
[0725/125455.932:WARNING:pe_image_reader.cc(302)] could not read dos header from C:\WINDOWS\SYSTEM32\WINHTTP.dll
[0725/125455.933:ERROR:process_reader_win.cc(242)] ReadMemory at 0x7fff82bf0000 of 64 bytes failed: Only part of a ReadProcessMemory or WriteProcessMemory request was completed. (0x12B)
[0725/125455.933:WARNING:pe_image_reader.cc(302)] could not read dos header from C:\WINDOWS\SYSTEM32\WINMMBASE.dll
[0725/125455.933:ERROR:process_reader_win.cc(242)] ReadMemory at 0x7fff849a0000 of 64 bytes failed: Only part of a ReadProcessMemory or WriteProcessMemory request was completed. (0x12B)
[0725/125455.933:WARNING:pe_image_reader.cc(302)] could not read dos header from C:\WINDOWS\SYSTEM32\CRYPTBASE.DLL
[0725/125455.933:ERROR:process_reader_win.cc(242)] ReadMemory at 0x7fff86320000 of 64 bytes failed: Only part of a ReadProcessMemory or WriteProcessMemory request was completed. (0x12B)
[0725/125455.933:WARNING:pe_image_reader.cc(302)] could not read dos header from C:\WINDOWS\System32\IMM32.DLL
[0725/125455.933:ERROR:process_reader_win.cc(242)] ReadMemory at 0x7fff5c810000 of 64 bytes failed: Only part of a ReadProcessMemory or WriteProcessMemory request was completed. (0x12B)
[0725/125455.933:WARNING:pe_image_reader.cc(302)] could not read dos header from C:\Program Files\ESET\ESET Security\eplgChrome.dll
[0725/125455.933:ERROR:process_reader_win.cc(242)] ReadMemory at 0x7fff28470000 of 64 bytes failed: Only part of a ReadProcessMemory or WriteProcessMemory request was completed. (0x12B)
[0725/125455.933:WARNING:pe_image_reader.cc(302)] could not read dos header from C:\Program Files (x86)\Google\Chrome\Application\67.0.3396.99\chrome_child.dll
[0725/125455.933:ERROR:process_reader_win.cc(242)] ReadMemory at 0x7fff86d80000 of 64 bytes failed: Only part of a ReadProcessMemory or WriteProcessMemory request was completed. (0x12B)
[0725/125455.933:WARNING:pe_image_reader.cc(302)] could not read dos header from C:\WINDOWS\System32\COMDLG32.dll
[0725/125455.933:ERROR:process_reader_win.cc(242)] ReadMemory at 0x7fff864e0000 of 64 bytes failed: Only part of a ReadProcessMemory or WriteProcessMemory request was completed. (0x12B)
[0725/125455.933:WARNING:pe_image_reader.cc(302)] could not read dos header from C:\WINDOWS\System32\OLEAUT32.dll
[0725/125455.933:ERROR:process_reader_win.cc(242)] ReadMemory at 0x7fff86d10000 of 64 bytes failed: Only part of a ReadProcessMemory or WriteProcessMemory request was completed. (0x12B)
[0725/125455.933:WARNING:pe_image_reader.cc(302)] could not read dos header from C:\WINDOWS\System32\WS2_32.dll
[0725/125455.933:ERROR:process_reader_win.cc(242)] ReadMemory at 0x7fff86350000 of 64 bytes failed: Only part of a ReadProcessMemory or WriteProcessMemory request was completed. (0x12B)
[0725/125455.933:WARNING:pe_image_reader.cc(302)] could not read dos header from C:\WINDOWS\System32\ole32.dll
[0725/125455.933:ERROR:process_reader_win.cc(242)] ReadMemory at 0x7fff86030000 of 64 bytes failed: Only part of a ReadProcessMemory or WriteProcessMemory request was completed. (0x12B)
[0725/125455.933:WARNING:pe_image_reader.cc(302)] could not read dos header from C:\WINDOWS\System32\WINTRUST.dll
[0725/125455.933:ERROR:process_reader_win.cc(242)] ReadMemory at 0x7fff85000000 of 64 bytes failed: Only part of a ReadProcessMemory or WriteProcessMemory request was completed. (0x12B)
[0725/125455.933:WARNING:pe_image_reader.cc(302)] could not read dos header from C:\WINDOWS\System32\MSASN1.dll
[0725/125455.933:ERROR:process_reader_win.cc(242)] ReadMemory at 0x7fff85d90000 of 64 bytes failed: Only part of a ReadProcessMemory or WriteProcessMemory request was completed. (0x12B)
[0725/125455.933:WARNING:pe_image_reader.cc(302)] could not read dos header from C:\WINDOWS\System32\CRYPT32.dll
[0725/125455.933:ERROR:process_reader_win.cc(242)] ReadMemory at 0x7fff67380000 of 64 bytes failed: Only part of a ReadProcessMemory or WriteProcessMemory request was completed. (0x12B)
[0725/125455.933:WARNING:pe_image_reader.cc(302)] could not read dos header from C:\WINDOWS\WinSxS\amd64_microsoft.windows.common-controls_6595b64144ccf1df_6.0.17134.165_none_fb429645306569ac\COMCTL32.dll
[0725/125455.933:ERROR:process_reader_win.cc(242)] ReadMemory at 0x7fff77330000 of 64 bytes failed: Only part of a ReadProcessMemory or WriteProcessMemory request was completed. (0x12B)
[0725/125455.933:WARNING:pe_image_reader.cc(302)] could not read dos header from C:\WINDOWS\SYSTEM32\Secur32.dll
[0725/125455.933:ERROR:process_reader_win.cc(242)] ReadMemory at 0x7fff839f0000 of 64 bytes failed: Only part of a ReadProcessMemory or WriteProcessMemory request was completed. (0x12B)
[0725/125455.933:WARNING:pe_image_reader.cc(302)] could not read dos header from C:\WINDOWS\SYSTEM32\dbghelp.dll
[0725/125455.933:ERROR:process_reader_win.cc(242)] ReadMemory at 0x7fff7eb60000 of 64 bytes failed: Only part of a ReadProcessMemory or WriteProcessMemory request was completed. (0x12B)
[0725/125455.933:WARNING:pe_image_reader.cc(302)] could not read dos header from C:\WINDOWS\SYSTEM32\USP10.dll
[0725/125455.933:ERROR:process_reader_win.cc(242)] ReadMemory at 0x7fff686c0000 of 64 bytes failed: Only part of a ReadProcessMemory or WriteProcessMemory request was completed. (0x12B)
[0725/125455.933:WARNING:pe_image_reader.cc(302)] could not read dos header from C:\WINDOWS\SYSTEM32\WINSPOOL.DRV
[0725/125455.933:ERROR:process_reader_win.cc(242)] ReadMemory at 0x7fff84550000 of 64 bytes failed: Only part of a ReadProcessMemory or WriteProcessMemory request was completed. (0x12B)
[0725/125455.933:WARNING:pe_image_reader.cc(302)] could not read dos header from C:\WINDOWS\SYSTEM32\IPHLPAPI.DLL
[0725/125455.933:ERROR:process_reader_win.cc(242)] ReadMemory at 0x7fff77c20000 of 64 bytes failed: Only part of a ReadProcessMemory or WriteProcessMemory request was completed. (0x12B)
[0725/125455.933:WARNING:pe_image_reader.cc(302)] could not read dos header from C:\WINDOWS\SYSTEM32\urlmon.dll
[0725/125455.933:ERROR:process_reader_win.cc(242)] ReadMemory at 0x7fff71e40000 of 64 bytes failed: Only part of a ReadProcessMemory or WriteProcessMemory request was completed. (0x12B)
[0725/125455.933:WARNING:pe_image_reader.cc(302)] could not read dos header from C:\WINDOWS\SYSTEM32\DWrite.dll
[0725/125455.934:ERROR:process_reader_win.cc(242)] ReadMemory at 0x7fff83d70000 of 64 bytes failed: Only part of a ReadProcessMemory or WriteProcessMemory request was completed. (0x12B)
[0725/125455.934:WARNING:pe_image_reader.cc(302)] could not read dos header from C:\WINDOWS\SYSTEM32\dxgi.dll
[0725/125455.934:ERROR:process_reader_win.cc(242)] ReadMemory at 0x7fff78a50000 of 64 bytes failed: Only part of a ReadProcessMemory or WriteProcessMemory request was completed. (0x12B)
[0725/125455.934:WARNING:pe_image_reader.cc(302)] could not read dos header from C:\WINDOWS\SYSTEM32\dhcpcsvc.DLL
[0725/125455.934:ERROR:process_reader_win.cc(242)] ReadMemory at 0x7fff864b0000 of 64 bytes failed: Only part of a ReadProcessMemory or WriteProcessMemory request was completed. (0x12B)
[0725/125455.934:WARNING:pe_image_reader.cc(302)] could not read dos header from C:\WINDOWS\System32\NSI.dll
[0725/125455.934:ERROR:process_reader_win.cc(242)] ReadMemory at 0x7fff817d0000 of 64 bytes failed: Only part of a ReadProcessMemory or WriteProcessMemory request was completed. (0x12B)
[0725/125455.934:WARNING:pe_image_reader.cc(302)] could not read dos header from C:\WINDOWS\SYSTEM32\PROPSYS.dll
[0725/125455.934:ERROR:process_reader_win.cc(242)] ReadMemory at 0x7fff84ab0000 of 64 bytes failed: Only part of a ReadProcessMemory or WriteProcessMemory request was completed. (0x12B)
[0725/125455.934:WARNING:pe_image_reader.cc(302)] could not read dos header from C:\WINDOWS\SYSTEM32\bcrypt.dll
[0725/125455.934:ERROR:process_reader_win.cc(242)] ReadMemory at 0x7fff77750000 of 64 bytes failed: Only part of a ReadProcessMemory or WriteProcessMemory request was completed. (0x12B)
[0725/125455.934:WARNING:pe_image_reader.cc(302)] could not read dos header from C:\WINDOWS\SYSTEM32\iertutil.dll
[0725/125455.934:ERROR:process_reader_win.cc(242)] ReadMemory at 0x7fff84eb0000 of 64 bytes failed: Only part of a ReadProcessMemory or WriteProcessMemory request was completed. (0x12B)
[0725/125455.934:WARNING:pe_image_reader.cc(302)] could not read dos header from C:\WINDOWS\SYSTEM32\SSPICLI.DLL
[0725/125457.291:ERROR:process_reader_win.cc(242)] ReadMemory at 0x87c53e8000 of 98304 bytes failed: Only part of a ReadProcessMemory or WriteProcessMemory request was completed. (0x12B)
[0725/125457.291:ERROR:crash_report_exception_handler.cc(111)] WriteEverything failed
[0725/125457.292:ERROR:filesystem_win.cc(148)] DeleteFile C:\Users\Megz\AppData\Local\Google\Chrome\User Data\Crashpad\reports\6cd79e5f-d9bb-43ba-a71c-ea3340421286.dmp: The process cannot access the file because it is being used by another process. (0x20)
[0725/125457.293:ERROR:scoped_process_suspend.cc(40)] NtResumeProcess: An attempt was made to access an exiting process. (0xc000010a)
